2025-09-26 16:12:31,159 - Connected to 192.168.200.10:5025
2025-09-26 16:12:31,159 - Query: *IDN?
2025-09-26 16:12:31,160 - Response: Rohde&Schwarz,SMW200A,1412.0000K02/111891,5.30.305.48
2025-09-26 16:12:31,160 - Query: *RST; *OPC?
2025-09-26 16:12:32,239 - Response: 1
2025-09-26 16:12:32,240 - Query: *OPC?
2025-09-26 16:12:32,240 - Response: 1
2025-09-26 16:12:32,240 - Query: SOURce1:CORRection:OPTimize:RF:CHARacteristics EVM; *OPC?
2025-09-26 16:12:32,242 - Response: 1
2025-09-26 16:12:32,243 - Query: OUTPut1:AMODe AUTO; *OPC?
2025-09-26 16:12:32,243 - Response: 1
2025-09-26 16:12:32,243 - Query: SOURce1:POWer:LIM:AMPL 10; *OPC?
2025-09-26 16:12:32,244 - Response: 1
2025-09-26 16:12:32,244 - Query: SOURce1:POWer:ATTenuation:DIGital -3.522; *OPC?
2025-09-26 16:12:32,245 - Response: 1
2025-09-26 16:12:32,246 - Query: SOURce1:BB:ARBitrary:WAVeform:SELect "/var/user/Qorvo/NR5G_100MHz_UL_60kHzSCS_256QAM_135rb_0rbo_fullframe.wv"; *OPC?
2025-09-26 16:12:32,247 - Response: 1
2025-09-26 16:12:32,247 - Query: SOURce1:BB:ARBitrary:STATe 1; *OPC?
2025-09-26 16:12:32,350 - Response: 1
2025-09-26 16:12:32,350 - Query: :SOUR1:FREQ:CW 2000000000.0; *OPC?
2025-09-26 16:12:32,354 - Response: 1
2025-09-26 16:12:32,354 - Query: OUTPut1:STATe ON; *OPC?
2025-09-26 16:12:32,387 - Response: 1
2025-09-26 16:12:32,387 - VSG initialized in 1.236s using signal_bandwidth '100MHz' and frame_type 'full_frame'
2025-09-26 16:12:32,395 - Connected to 192.168.200.20:5025
2025-09-26 16:12:32,396 - Query: *IDN?
2025-09-26 16:12:32,402 - Response: Rohde&Schwarz,FSW-50,1331.5003K50/101878,6.20
2025-09-26 16:12:32,402 - Query: *RST; *OPC?
2025-09-26 16:12:35,718 - Response: 1
2025-09-26 16:12:35,718 - Query: *OPC?
2025-09-26 16:12:35,719 - Response: 1
2025-09-26 16:12:35,719 - Query: MMEM:LOAD:STAT 1,"C:\R_S\instr\user\Qorvo\5GNR_UL_100MHz_256QAM_60kHz_135RB_0RBO_fullframe"; *OPC?
2025-09-26 16:12:37,198 - Response: 1
2025-09-26 16:12:37,198 - Query: CONF:NR5G:DL:CC1:RFUC:STAT OFF; *OPC?
2025-09-26 16:12:37,200 - Response: 1
2025-09-26 16:12:37,200 - Query: :SENS:SWE:TIME 0.0101; *OPC?
2025-09-26 16:12:37,222 - Response: 1
2025-09-26 16:12:37,222 - Query: INIT:CONT OFF; *OPC?
2025-09-26 16:12:37,223 - Response: 1
2025-09-26 16:12:37,223 - Query: INIT:IMM; *OPC?
2025-09-26 16:12:38,097 - Response: 1
2025-09-26 16:12:38,098 - Write: *ESE 1
2025-09-26 16:12:38,098 - Write: *SRE 32
2025-09-26 16:12:38,098 - Write: INST:SEL "Amplifier";*OPC
2025-09-26 16:12:38,098 - Query: *ESR?
2025-09-26 16:12:38,217 - Response: 17
2025-09-26 16:12:38,217 - Command 'INST:SEL "Amplifier"' completed with OPC sync.
2025-09-26 16:12:38,217 - Query: CONF:GEN:CONN:STAT ON; *OPC?
2025-09-26 16:12:39,154 - Response: 1
2025-09-26 16:12:39,154 - Query: CONF:GEN:CONT:STAT ON; *OPC?
2025-09-26 16:12:39,157 - Response: 1
2025-09-26 16:12:39,157 - Query: CONF:SETT; *OPC?
2025-09-26 16:12:39,191 - Response: 1
2025-09-26 16:12:39,191 - Query: :CONF:REFS:CGW:READ; *OPC?
2025-09-26 16:12:44,207 - Response: 1
2025-09-26 16:12:44,207 - Query: :CONF:DDPD:STAT OFF; *OPC?
2025-09-26 16:12:44,208 - Response: 1
2025-09-26 16:12:44,208 - Query: :SENS:ADJ:LEV; *OPC?
2025-09-26 16:12:44,811 - Response: 1
2025-09-26 16:12:44,811 - Query: INIT:CONT OFF; *OPC?
2025-09-26 16:12:44,812 - Response: 1
2025-09-26 16:12:44,812 - Query: INIT:IMM; *OPC?
2025-09-26 16:12:47,219 - Response: 1
2025-09-26 16:12:47,219 - Query: CONF:DPD:METH GEN; *OPC?
2025-09-26 16:12:47,220 - Response: 1
2025-09-26 16:12:47,220 - Query: CONF:DPD:SHAP:MODE POLY; *OPC?
2025-09-26 16:12:47,241 - Response: 1
2025-09-26 16:12:47,241 - Query: :CONF:DPD:TRAD 100; *OPC?
2025-09-26 16:12:47,242 - Response: 1
2025-09-26 16:12:47,242 - Query: INIT:IMM; *OPC?
2025-09-26 16:12:49,542 - Response: 1
2025-09-26 16:12:49,543 - VSA initialized in 17.150s using signal_bandwidth '100MHz' and frame_type 'full_frame'
2025-09-26 16:12:49,546 - Connected to 192.168.200.40:5025
2025-09-26 16:12:49,546 - Query: *IDN?
2025-09-26 16:12:50,264 - Response: Rohde&Schwarz,NRX,1424.7005k02/108679,02.62.24102302
2025-09-26 16:12:50,265 - PowerMeter (NRX) initialized in 0.721s
2025-09-26 16:12:50,265 - Query: :SENS1:FREQ 2000000000.0;:SENS2:FREQ 2000000000.0;:CALCulate1:CHANnel1:CORRection:OFFSet:MAGNitude 15.819;:CALCulate1:CHANnel1:CORRection:OFFSet:STATe ON;:CALCulate2:CHANnel1:CORRection:OFFSet:MAGNitude 10.187;:CALCulate2:CHANnel1:CORRection:OFFSet:STATe ON;*OPC?
2025-09-26 16:12:50,270 - Response: 1
2025-09-26 16:12:50,270 - PowerMeter configured for 2000000000.0 Hz with offsets 15.819, 10.187
2025-09-26 16:12:50,270 - Query: SOURce1:BB:ARBitrary:WAVeform:SELect "/var/user/Qorvo/NR5G_100MHz_UL_60kHzSCS_256QAM_135rb_0rbo_fullframe.wv"; *OPC?
2025-09-26 16:12:50,273 - Response: 1
2025-09-26 16:12:50,273 - Write: :SOUR1:POW:LEV:IMM:OFFS -1.432
2025-09-26 16:12:50,274 - Query: :OUTput1:AMODe AUTO; *OPC?
2025-09-26 16:12:50,315 - Response: 1
2025-09-26 16:12:50,316 - Query: :SOUR1:FREQ:CW 2000000000.0; *OPC?
2025-09-26 16:12:50,316 - Response: 1
2025-09-26 16:12:50,316 - Query: :SOUR1:POW:LEV:IMM:AMPL -12.0; *OPC?
2025-09-26 16:12:50,357 - Response: 1
2025-09-26 16:12:50,357 - Query: SOURce1:POWer:LIM:AMPL 10; *OPC?
2025-09-26 16:12:50,358 - Response: 1
2025-09-26 16:12:50,358 - Query: *OPC?
2025-09-26 16:12:50,359 - Response: 1
2025-09-26 16:12:50,359 - Query: INST:SEL "5G NR"; *OPC?
2025-09-26 16:12:50,492 - Response: 1
2025-09-26 16:12:50,492 - Query: :SENS:FREQ:CENT 2000000000.0; *OPC?
2025-09-26 16:12:50,493 - Response: 1
2025-09-26 16:12:50,493 - Write: :DISP:WIND:TRAC:Y:SCAL:RLEV:OFFS 1.59
2025-09-26 16:12:50,493 - Query: :CONF:NR5G:MEAS EVM; *OPC?
2025-09-26 16:12:50,538 - Response: 1
2025-09-26 16:12:50,539 - VSA configured for 2000000000.0 Hz with offset 1.588
2025-09-26 16:12:50,539 - Query: :MEAS1?
2025-09-26 16:12:50,632 - Response: -1.203363E+01
2025-09-26 16:12:50,632 - Query: :MEAS2?
2025-09-26 16:12:50,724 - Response: 6.394286E+00
2025-09-26 16:12:50,724 - Query: *OPC?
2025-09-26 16:12:50,725 - Response: 1
2025-09-26 16:12:50,726 - Query: :MEAS1?
2025-09-26 16:12:50,865 - Response: -1.203458E+01
2025-09-26 16:12:50,865 - Query: :MEAS2?
2025-09-26 16:12:51,079 - Response: 6.394832E+00
2025-09-26 16:12:51,080 - Query: *OPC?
2025-09-26 16:12:51,081 - Response: 1
2025-09-26 16:12:51,081 - Query: :MEAS1?
2025-09-26 16:12:51,263 - Response: -1.203452E+01
2025-09-26 16:12:51,263 - Query: :MEAS2?
2025-09-26 16:12:51,484 - Response: 6.394387E+00
2025-09-26 16:12:51,484 - Query: *OPC?
2025-09-26 16:12:51,486 - Response: 1
2025-09-26 16:12:51,486 - Measured gain in dB: 18.429
2025-09-26 16:12:51,486 - Query: :SOUR1:POW:LEV:IMM:AMPL -12.429352000000002; *OPC?
2025-09-26 16:12:51,507 - Response: 1
2025-09-26 16:12:51,507 - Query: :MEAS1?
2025-09-26 16:12:51,682 - Response: -1.246229E+01
2025-09-26 16:12:51,683 - Query: :MEAS2?
2025-09-26 16:12:51,900 - Response: 5.974797E+00
2025-09-26 16:12:51,900 - Query: *OPC?
2025-09-26 16:12:51,901 - Response: 1
2025-09-26 16:12:51,901 - Servo converged after 1 iterations servo settle time, , 0.394 s
 Frequency 2.0 GHz
2025-09-26 16:12:51,901 - Servo Iterations: 1, Servo Time: 0.394
2025-09-26 16:12:51,902 - Query: INST:SEL "5G NR"; *OPC?
2025-09-26 16:12:51,903 - Response: 1
2025-09-26 16:12:51,903 - Query: CONF:NR5G:MEAS EVM; *OPC?
2025-09-26 16:12:51,904 - Response: 1
2025-09-26 16:12:51,905 - Query: INIT:IMM; *OPC?
2025-09-26 16:12:52,749 - Response: 1
2025-09-26 16:12:52,749 - Query: FETC:CC1:ISRC:FRAM:SUMM:POW:AVERage?
2025-09-26 16:12:52,750 - Response: +5.867275238
2025-09-26 16:12:52,750 - Query: FETC:CC1:ISRC:FRAM:SUMM:EVM:ALL:AVERage?
2025-09-26 16:12:52,751 - Response: -4.575887299E+001
2025-09-26 16:12:52,751 - Write: CONF:NR5G:MEAS ACLR
2025-09-26 16:12:52,751 - Write: INIT:IMM;*WAI
2025-09-26 16:12:52,751 - Query: CALC:MARK:FUNC:POW:RES? ACP
2025-09-26 16:12:53,453 - Response: 6.00592803955,-51.4282493591,-52.2654075623
2025-09-26 16:12:53,454 - Baseline done: Power=5.867275238, EVM=-45.75887299, Total=2.728s
2025-09-26 16:12:53,454 - Write: *ESE 1
2025-09-26 16:12:53,454 - Write: *SRE 32
2025-09-26 16:12:53,454 - Write: INST:SEL "Amplifier";*OPC
2025-09-26 16:12:53,455 - Query: *ESR?
2025-09-26 16:12:53,553 - Response: 1
2025-09-26 16:12:53,553 - Command 'INST:SEL "Amplifier"' completed with OPC sync.
2025-09-26 16:12:53,553 - Query: INIT:IMM; *OPC?
2025-09-26 16:12:55,898 - Response: 1
2025-09-26 16:12:55,898 - Query: :CONF:DPD:UPD; *OPC?
2025-09-26 16:12:56,201 - Response: 1
2025-09-26 16:12:56,201 - Query: CONF:DPD:AMAM:STAT ON; *OPC?
2025-09-26 16:12:56,285 - Response: 1
2025-09-26 16:12:56,285 - Query: CONF:DPD:AMPM:STAT ON; *OPC?
2025-09-26 16:12:56,340 - Response: 1
2025-09-26 16:12:56,340 - Query: :MEAS1?
2025-09-26 16:12:56,475 - Response: -1.254976E+01
2025-09-26 16:12:56,476 - Query: :MEAS2?
2025-09-26 16:12:56,694 - Response: 5.887753E+00
2025-09-26 16:12:56,694 - Query: *OPC?
2025-09-26 16:12:56,695 - Response: 1
2025-09-26 16:12:56,695 - Query: :MEAS1?
2025-09-26 16:12:56,869 - Response: -1.254920E+01
2025-09-26 16:12:56,869 - Query: :MEAS2?
2025-09-26 16:12:57,088 - Response: 5.888011E+00
2025-09-26 16:12:57,088 - Query: *OPC?
2025-09-26 16:12:57,089 - Response: 1
2025-09-26 16:12:57,089 - Measured gain in dB: 18.437
2025-09-26 16:12:57,089 - Query: :SOUR1:POW:LEV:IMM:AMPL -12.436953000000003; *OPC?
2025-09-26 16:12:57,134 - Response: 1
2025-09-26 16:12:57,135 - Query: :MEAS1?
2025-09-26 16:12:57,274 - Response: -1.255609E+01
2025-09-26 16:12:57,274 - Query: :MEAS2?
2025-09-26 16:12:57,492 - Response: 5.880582E+00
2025-09-26 16:12:57,493 - Query: *OPC?
2025-09-26 16:12:57,494 - Response: 1
2025-09-26 16:12:57,495 - Query: :SOUR1:POW:LEV:IMM:AMPL -12.317535000000003; *OPC?
2025-09-26 16:12:57,540 - Response: 1
2025-09-26 16:12:57,540 - Query: :MEAS1?
2025-09-26 16:12:57,677 - Response: -1.243581E+01
2025-09-26 16:12:57,677 - Query: :MEAS2?
2025-09-26 16:12:57,897 - Response: 5.999177E+00
2025-09-26 16:12:57,897 - Query: *OPC?
2025-09-26 16:12:57,898 - Response: 1
2025-09-26 16:12:57,898 - Servo converged after 2 iterations servo settle time, , 0.764 s
 Frequency 2.0 GHz
2025-09-26 16:12:57,899 - Servo Iterations: 2, Servo Time: 0.764
2025-09-26 16:12:57,899 - Query: INST:SEL "5G NR"; *OPC?
2025-09-26 16:12:57,913 - Response: 1
2025-09-26 16:12:57,914 - Query: CONF:NR5G:MEAS EVM; *OPC?
2025-09-26 16:12:58,018 - Response: 1
2025-09-26 16:12:58,019 - Query: INIT:IMM; *OPC?
2025-09-26 16:12:59,039 - Response: 1
2025-09-26 16:12:59,039 - Query: FETC:CC1:ISRC:FRAM:SUMM:POW:AVERage?
2025-09-26 16:12:59,040 - Response: +5.891763687
2025-09-26 16:12:59,040 - Query: FETC:CC1:ISRC:FRAM:SUMM:EVM:ALL:AVERage?
2025-09-26 16:12:59,041 - Response: -5.117230988E+001
2025-09-26 16:12:59,041 - Write: CONF:NR5G:MEAS ACLR
2025-09-26 16:12:59,041 - Write: INIT:IMM;*WAI
2025-09-26 16:12:59,041 - Query: CALC:MARK:FUNC:POW:RES? ACP
2025-09-26 16:12:59,732 - Response: 6.06256580353,-52.2276086807,-53.5760660172
2025-09-26 16:12:59,733 - Polynomial DPD done: Power=5.891763687, EVM=-51.17230988, Total=6.279s
2025-09-26 16:12:59,733 - Query: CONF:NR5G:MEAS EVM; *OPC?
2025-09-26 16:12:59,834 - Response: 1
2025-09-26 16:12:59,834 - VSG socket closed
2025-09-26 16:12:59,835 - Socket closed
2025-09-26 16:12:59,835 - VSA socket closed
2025-09-26 16:12:59,835 - PowerMeter socket closed
2025-09-26 16:12:59,888 - Saved sweep results to: C:\Users\LINER\Documents\PycharmProjects\20250926_EVM_DPD_DDPD_GMP_Power_Servo_with_test_select\sweep_measurements.xlsx
2025-09-26 16:12:59,888 - Processed frequencies (GHz): [np.float64(2.0)]
2025-09-26 16:12:59,888 - Socket closed
2025-09-26 16:12:59,888 - Socket closed
2025-09-26 16:12:59,889 - Socket closed
2025-09-26 16:19:54,193 - Connected to 192.168.200.10:5025
2025-09-26 16:19:54,193 - Query: *IDN?
2025-09-26 16:19:54,194 - Response: Rohde&Schwarz,SMW200A,1412.0000K02/111891,5.30.305.48
2025-09-26 16:19:54,194 - Query: *RST; *OPC?
2025-09-26 16:19:55,276 - Response: 1
2025-09-26 16:19:55,276 - Query: *OPC?
2025-09-26 16:19:55,276 - Response: 1
2025-09-26 16:19:55,276 - Query: SOURce1:CORRection:OPTimize:RF:CHARacteristics EVM; *OPC?
2025-09-26 16:19:55,278 - Response: 1
2025-09-26 16:19:55,279 - Query: OUTPut1:AMODe AUTO; *OPC?
2025-09-26 16:19:55,279 - Response: 1
2025-09-26 16:19:55,279 - Query: SOURce1:POWer:LIM:AMPL 10; *OPC?
2025-09-26 16:19:55,280 - Response: 1
2025-09-26 16:19:55,280 - Query: SOURce1:POWer:ATTenuation:DIGital -3.522; *OPC?
2025-09-26 16:19:55,281 - Response: 1
2025-09-26 16:19:55,281 - Query: SOURce1:BB:ARBitrary:WAVeform:SELect "/var/user/Qorvo/NR5G_100MHz_UL_60kHzSCS_256QAM_135rb_0rbo_fullframe.wv"; *OPC?
2025-09-26 16:19:55,282 - Response: 1
2025-09-26 16:19:55,282 - Query: SOURce1:BB:ARBitrary:STATe 1; *OPC?
2025-09-26 16:19:55,385 - Response: 1
2025-09-26 16:19:55,385 - Query: :SOUR1:FREQ:CW 2000000000.0; *OPC?
2025-09-26 16:19:55,389 - Response: 1
2025-09-26 16:19:55,389 - Query: OUTPut1:STATe ON; *OPC?
2025-09-26 16:19:55,422 - Response: 1
2025-09-26 16:19:55,422 - VSG initialized in 1.235s using signal_bandwidth '100MHz' and frame_type 'full_frame'
2025-09-26 16:19:55,425 - Connected to 192.168.200.20:5025
2025-09-26 16:19:55,425 - Query: *IDN?
2025-09-26 16:19:55,431 - Response: Rohde&Schwarz,FSW-50,1331.5003K50/101878,6.20
2025-09-26 16:19:55,431 - Query: *RST; *OPC?
2025-09-26 16:19:58,743 - Response: 1
2025-09-26 16:19:58,743 - Query: *OPC?
2025-09-26 16:19:58,744 - Response: 1
2025-09-26 16:19:58,744 - Query: MMEM:LOAD:STAT 1,"C:\R_S\instr\user\Qorvo\5GNR_UL_100MHz_256QAM_60kHz_135RB_0RBO_fullframe"; *OPC?
2025-09-26 16:20:00,227 - Response: 1
2025-09-26 16:20:00,227 - Query: CONF:NR5G:DL:CC1:RFUC:STAT OFF; *OPC?
2025-09-26 16:20:00,229 - Response: 1
2025-09-26 16:20:00,229 - Query: :SENS:SWE:TIME 0.0101; *OPC?
2025-09-26 16:20:00,256 - Response: 1
2025-09-26 16:20:00,256 - Query: INIT:CONT OFF; *OPC?
2025-09-26 16:20:00,256 - Response: 1
2025-09-26 16:20:00,257 - Query: INIT:IMM; *OPC?
2025-09-26 16:20:01,134 - Response: 1
2025-09-26 16:20:01,134 - Write: *ESE 1
2025-09-26 16:20:01,135 - Write: *SRE 32
2025-09-26 16:20:01,135 - Write: INST:SEL "Amplifier";*OPC
2025-09-26 16:20:01,135 - Query: *ESR?
2025-09-26 16:20:01,241 - Response: 17
2025-09-26 16:20:01,241 - Command 'INST:SEL "Amplifier"' completed with OPC sync.
2025-09-26 16:20:01,241 - Query: CONF:GEN:CONN:STAT ON; *OPC?
2025-09-26 16:20:01,900 - Response: 1
2025-09-26 16:20:01,900 - Query: CONF:GEN:CONT:STAT ON; *OPC?
2025-09-26 16:20:01,902 - Response: 1
2025-09-26 16:20:01,902 - Query: CONF:SETT; *OPC?
2025-09-26 16:20:01,936 - Response: 1
2025-09-26 16:20:01,936 - Query: :CONF:REFS:CGW:READ; *OPC?
2025-09-26 16:20:06,786 - Response: 1
2025-09-26 16:20:06,786 - Query: :CONF:DDPD:STAT OFF; *OPC?
2025-09-26 16:20:06,791 - Response: 1
2025-09-26 16:20:06,791 - Query: :SENS:ADJ:LEV; *OPC?
2025-09-26 16:20:07,404 - Response: 1
2025-09-26 16:20:07,404 - Query: INIT:CONT OFF; *OPC?
2025-09-26 16:20:07,404 - Response: 1
2025-09-26 16:20:07,405 - Query: INIT:IMM; *OPC?
2025-09-26 16:20:09,834 - Response: 1
2025-09-26 16:20:09,835 - Query: CONF:DPD:METH GEN; *OPC?
2025-09-26 16:20:09,836 - Response: 1
2025-09-26 16:20:09,836 - Query: CONF:DPD:SHAP:MODE POLY; *OPC?
2025-09-26 16:20:09,843 - Response: 1
2025-09-26 16:20:09,843 - Query: :CONF:DPD:TRAD 100; *OPC?
2025-09-26 16:20:09,844 - Response: 1
2025-09-26 16:20:09,844 - Query: INIT:IMM; *OPC?
2025-09-26 16:20:12,180 - Response: 1
2025-09-26 16:20:12,180 - VSA initialized in 16.757s using signal_bandwidth '100MHz' and frame_type 'full_frame'
2025-09-26 16:20:12,182 - Connected to 192.168.200.40:5025
2025-09-26 16:20:12,183 - Query: *IDN?
2025-09-26 16:20:12,887 - Response: Rohde&Schwarz,NRX,1424.7005k02/108679,02.62.24102302
2025-09-26 16:20:12,887 - PowerMeter (NRX) initialized in 0.706s
2025-09-26 16:20:12,887 - Query: :SENS1:FREQ 2000000000.0;:SENS2:FREQ 2000000000.0;:CALCulate1:CHANnel1:CORRection:OFFSet:MAGNitude 15.819;:CALCulate1:CHANnel1:CORRection:OFFSet:STATe ON;:CALCulate2:CHANnel1:CORRection:OFFSet:MAGNitude 10.187;:CALCulate2:CHANnel1:CORRection:OFFSet:STATe ON;*OPC?
2025-09-26 16:20:12,892 - Response: 1
2025-09-26 16:20:12,892 - PowerMeter configured for 2000000000.0 Hz with offsets 15.819, 10.187
2025-09-26 16:20:12,892 - Query: SOURce1:BB:ARBitrary:WAVeform:SELect "/var/user/Qorvo/NR5G_100MHz_UL_60kHzSCS_256QAM_135rb_0rbo_fullframe.wv"; *OPC?
2025-09-26 16:20:12,895 - Response: 1
2025-09-26 16:20:12,895 - Write: :SOUR1:POW:LEV:IMM:OFFS -1.432
2025-09-26 16:20:12,895 - Query: :OUTput1:AMODe AUTO; *OPC?
2025-09-26 16:20:12,936 - Response: 1
2025-09-26 16:20:12,936 - Query: :SOUR1:FREQ:CW 2000000000.0; *OPC?
2025-09-26 16:20:12,937 - Response: 1
2025-09-26 16:20:12,938 - Query: :SOUR1:POW:LEV:IMM:AMPL -12.0; *OPC?
2025-09-26 16:20:12,978 - Response: 1
2025-09-26 16:20:12,979 - Query: SOURce1:POWer:LIM:AMPL 10; *OPC?
2025-09-26 16:20:12,979 - Response: 1
2025-09-26 16:20:12,979 - Query: *OPC?
2025-09-26 16:20:12,980 - Response: 1
2025-09-26 16:20:12,980 - Query: INST:SEL "5G NR"; *OPC?
2025-09-26 16:20:13,105 - Response: 1
2025-09-26 16:20:13,105 - Query: :SENS:FREQ:CENT 2000000000.0; *OPC?
2025-09-26 16:20:13,106 - Response: 1
2025-09-26 16:20:13,106 - Write: :DISP:WIND:TRAC:Y:SCAL:RLEV:OFFS 1.59
2025-09-26 16:20:13,106 - Query: :CONF:NR5G:MEAS EVM; *OPC?
2025-09-26 16:20:13,158 - Response: 1
2025-09-26 16:20:13,159 - VSA configured for 2000000000.0 Hz with offset 1.588
2025-09-26 16:20:13,159 - Query: :MEAS1?
2025-09-26 16:20:13,257 - Response: -1.203879E+01
2025-09-26 16:20:13,257 - Query: :MEAS2?
2025-09-26 16:20:13,356 - Response: 6.390946E+00
2025-09-26 16:20:13,356 - Query: *OPC?
2025-09-26 16:20:13,357 - Response: 1
2025-09-26 16:20:13,357 - Query: :MEAS1?
2025-09-26 16:20:13,530 - Response: -1.203912E+01
2025-09-26 16:20:13,530 - Query: :MEAS2?
2025-09-26 16:20:13,791 - Response: 6.391161E+00
2025-09-26 16:20:13,792 - Query: *OPC?
2025-09-26 16:20:13,793 - Response: 1
2025-09-26 16:20:13,793 - Query: :MEAS1?
2025-09-26 16:20:13,930 - Response: -1.203922E+01
2025-09-26 16:20:13,930 - Query: :MEAS2?
2025-09-26 16:20:14,185 - Response: 6.390753E+00
2025-09-26 16:20:14,185 - Query: *OPC?
2025-09-26 16:20:14,186 - Response: 1
2025-09-26 16:20:14,187 - Measured gain in dB: 18.430
2025-09-26 16:20:14,187 - Query: :SOUR1:POW:LEV:IMM:AMPL -12.430381; *OPC?
2025-09-26 16:20:14,208 - Response: 1
2025-09-26 16:20:14,208 - Query: :MEAS1?
2025-09-26 16:20:14,349 - Response: -1.246336E+01
2025-09-26 16:20:14,349 - Query: :MEAS2?
2025-09-26 16:20:14,610 - Response: 5.975403E+00
2025-09-26 16:20:14,610 - Query: *OPC?
2025-09-26 16:20:14,611 - Response: 1
2025-09-26 16:20:14,612 - Servo converged after 1 iterations servo settle time, , 0.403 s
 Frequency 2.0 GHz
2025-09-26 16:20:14,612 - Servo Iterations: 1, Servo Time: 0.403
2025-09-26 16:20:14,612 - Query: INST:SEL "5G NR"; *OPC?
2025-09-26 16:20:14,613 - Response: 1
2025-09-26 16:20:14,613 - Query: CONF:NR5G:MEAS EVM; *OPC?
2025-09-26 16:20:14,614 - Response: 1
2025-09-26 16:20:14,614 - Query: INIT:IMM; *OPC?
2025-09-26 16:20:15,466 - Response: 1
2025-09-26 16:20:15,466 - Query: FETC:CC1:ISRC:FRAM:SUMM:POW:AVERage?
2025-09-26 16:20:15,467 - Response: +5.859050751
2025-09-26 16:20:15,467 - Query: FETC:CC1:ISRC:FRAM:SUMM:EVM:ALL:AVERage?
2025-09-26 16:20:15,468 - Response: -4.575794983E+001
2025-09-26 16:20:15,468 - Write: CONF:NR5G:MEAS ACLR
2025-09-26 16:20:15,468 - Write: INIT:IMM;*WAI
2025-09-26 16:20:15,468 - Query: CALC:MARK:FUNC:POW:RES? ACP
2025-09-26 16:20:16,163 - Response: 6.01338291168,-51.4355974197,-52.3682260513
2025-09-26 16:20:16,164 - Baseline done: Power=5.859050751, EVM=-45.75794983, Total=2.807s
2025-09-26 16:20:16,164 - Write: *ESE 1
2025-09-26 16:20:16,164 - Write: *SRE 32
2025-09-26 16:20:16,164 - Write: INST:SEL "Amplifier";*OPC
2025-09-26 16:20:16,165 - Query: *ESR?
2025-09-26 16:20:16,273 - Response: 1
2025-09-26 16:20:16,274 - Command 'INST:SEL "Amplifier"' completed with OPC sync.
2025-09-26 16:20:16,274 - Query: INIT:IMM; *OPC?
2025-09-26 16:20:18,619 - Response: 1
2025-09-26 16:20:18,620 - Query: :CONF:DPD:UPD; *OPC?
2025-09-26 16:20:18,918 - Response: 1
2025-09-26 16:20:18,918 - Query: CONF:DPD:AMAM:STAT ON; *OPC?
2025-09-26 16:20:19,005 - Response: 1
2025-09-26 16:20:19,005 - Query: CONF:DPD:AMPM:STAT ON; *OPC?
2025-09-26 16:20:19,059 - Response: 1
2025-09-26 16:20:19,060 - Query: :MEAS1?
2025-09-26 16:20:19,365 - Response: -1.254456E+01
2025-09-26 16:20:19,365 - Query: :MEAS2?
2025-09-26 16:20:19,617 - Response: 5.893075E+00
2025-09-26 16:20:19,617 - Query: *OPC?
2025-09-26 16:20:19,619 - Response: 1
2025-09-26 16:20:19,619 - Query: :MEAS1?
2025-09-26 16:20:19,760 - Response: -1.254437E+01
2025-09-26 16:20:19,760 - Query: :MEAS2?
2025-09-26 16:20:20,023 - Response: 5.893598E+00
2025-09-26 16:20:20,023 - Query: *OPC?
2025-09-26 16:20:20,024 - Response: 1
2025-09-26 16:20:20,024 - Measured gain in dB: 18.437
2025-09-26 16:20:20,024 - Query: :SOUR1:POW:LEV:IMM:AMPL -12.437445; *OPC?
2025-09-26 16:20:20,069 - Response: 1
2025-09-26 16:20:20,069 - Query: :MEAS1?
2025-09-26 16:20:20,324 - Response: -1.255932E+01
2025-09-26 16:20:20,324 - Query: :MEAS2?
2025-09-26 16:20:20,588 - Response: 5.878813E+00
2025-09-26 16:20:20,588 - Query: *OPC?
2025-09-26 16:20:20,590 - Response: 1
2025-09-26 16:20:20,590 - Query: :SOUR1:POW:LEV:IMM:AMPL -12.316258000000001; *OPC?
2025-09-26 16:20:20,635 - Response: 1
2025-09-26 16:20:20,635 - Query: :MEAS1?
2025-09-26 16:20:20,930 - Response: -1.243488E+01
2025-09-26 16:20:20,930 - Query: :MEAS2?
2025-09-26 16:20:21,185 - Response: 6.000364E+00
2025-09-26 16:20:21,185 - Query: *OPC?
2025-09-26 16:20:21,187 - Response: 1
2025-09-26 16:20:21,187 - Servo converged after 2 iterations servo settle time, , 1.117 s
 Frequency 2.0 GHz
2025-09-26 16:20:21,187 - Servo Iterations: 2, Servo Time: 1.117
2025-09-26 16:20:21,187 - Query: INST:SEL "5G NR"; *OPC?
2025-09-26 16:20:21,202 - Response: 1
2025-09-26 16:20:21,202 - Query: CONF:NR5G:MEAS EVM; *OPC?
2025-09-26 16:20:21,308 - Response: 1
2025-09-26 16:20:21,308 - Query: INIT:IMM; *OPC?
2025-09-26 16:20:22,303 - Response: 1
2025-09-26 16:20:22,303 - Query: FETC:CC1:ISRC:FRAM:SUMM:POW:AVERage?
2025-09-26 16:20:22,305 - Response: +5.883577347
2025-09-26 16:20:22,305 - Query: FETC:CC1:ISRC:FRAM:SUMM:EVM:ALL:AVERage?
2025-09-26 16:20:22,306 - Response: -5.118348694E+001
2025-09-26 16:20:22,306 - Write: CONF:NR5G:MEAS ACLR
2025-09-26 16:20:22,306 - Write: INIT:IMM;*WAI
2025-09-26 16:20:22,306 - Query: CALC:MARK:FUNC:POW:RES? ACP
2025-09-26 16:20:22,994 - Response: 6.01629161835,-52.0158147812,-53.5072851181
2025-09-26 16:20:22,994 - Polynomial DPD done: Power=5.883577347, EVM=-51.18348694, Total=6.830s
2025-09-26 16:20:22,994 - Query: CONF:NR5G:MEAS EVM; *OPC?
2025-09-26 16:20:23,095 - Response: 1
2025-09-26 16:20:23,096 - VSG socket closed
2025-09-26 16:20:23,096 - Socket closed
2025-09-26 16:20:23,096 - VSA socket closed
2025-09-26 16:20:23,096 - PowerMeter socket closed
2025-09-26 16:20:23,122 - Saved sweep results to: C:\Users\LINER\Documents\PycharmProjects\20250926_EVM_DPD_DDPD_GMP_Power_Servo_with_test_select\sweep_measurements.xlsx
2025-09-26 16:20:23,122 - Processed frequencies (GHz): [np.float64(2.0)]
2025-09-26 16:20:23,122 - Socket closed
2025-09-26 16:20:23,122 - Socket closed
2025-09-26 16:20:23,122 - Socket closed
2025-09-29 08:18:43,526 - Connected to 192.168.200.10:5025
2025-09-29 08:18:43,527 - Query: *IDN?
2025-09-29 08:18:43,528 - Response: Rohde&Schwarz,SMW200A,1412.0000K02/111891,5.30.305.48
2025-09-29 08:18:43,529 - Query: *RST; *OPC?
2025-09-29 08:18:44,996 - Response: 1
2025-09-29 08:18:44,996 - Query: *OPC?
2025-09-29 08:18:44,997 - Response: 1
2025-09-29 08:18:44,998 - Query: SOURce1:CORRection:OPTimize:RF:CHARacteristics EVM; *OPC?
2025-09-29 08:18:45,000 - Response: 1
2025-09-29 08:18:45,000 - Query: OUTPut1:AMODe AUTO; *OPC?
2025-09-29 08:18:45,001 - Response: 1
2025-09-29 08:18:45,001 - Query: SOURce1:POWer:LIM:AMPL 10; *OPC?
2025-09-29 08:18:45,002 - Response: 1
2025-09-29 08:18:45,002 - Query: SOURce1:POWer:ATTenuation:DIGital -3.522; *OPC?
2025-09-29 08:18:45,004 - Response: 1
2025-09-29 08:18:45,004 - Query: SOURce1:BB:ARBitrary:WAVeform:SELect "/var/user/Qorvo/NR5G_100MHz_UL_60kHzSCS_256QAM_135rb_0rbo_fullframe.wv"; *OPC?
2025-09-29 08:18:45,006 - Response: 1
2025-09-29 08:18:45,006 - Query: SOURce1:BB:ARBitrary:STATe 1; *OPC?
2025-09-29 08:18:45,108 - Response: 1
2025-09-29 08:18:45,108 - Query: :SOUR1:FREQ:CW 2000000000.0; *OPC?
2025-09-29 08:18:45,113 - Response: 1
2025-09-29 08:18:45,114 - Query: OUTPut1:STATe ON; *OPC?
2025-09-29 08:18:45,147 - Response: 1
2025-09-29 08:18:45,147 - VSG initialized in 1.630s using signal_bandwidth '100MHz' and frame_type 'full_frame'
2025-09-29 08:18:45,151 - Connected to 192.168.200.20:5025
2025-09-29 08:18:45,151 - Query: *IDN?
2025-09-29 08:18:45,165 - Response: Rohde&Schwarz,FSW-50,1331.5003K50/101878,6.20
2025-09-29 08:18:45,165 - Query: *RST; *OPC?
2025-09-29 08:18:47,402 - Response: 1
2025-09-29 08:18:47,402 - Query: *OPC?
2025-09-29 08:18:47,403 - Response: 1
2025-09-29 08:18:47,404 - Query: MMEM:LOAD:STAT 1,"C:\R_S\instr\user\Qorvo\5GNR_UL_100MHz_256QAM_60kHz_135RB_0RBO_fullframe"; *OPC?
2025-09-29 08:18:48,825 - Response: 1
2025-09-29 08:18:48,826 - Query: CONF:NR5G:DL:CC1:RFUC:STAT OFF; *OPC?
2025-09-29 08:18:48,828 - Response: 1
2025-09-29 08:18:48,829 - Query: :SENS:SWE:TIME 0.0101; *OPC?
2025-09-29 08:18:48,852 - Response: 1
2025-09-29 08:18:48,852 - Query: INIT:CONT OFF; *OPC?
2025-09-29 08:18:48,853 - Response: 1
2025-09-29 08:18:48,854 - Query: INIT:IMM; *OPC?
2025-09-29 08:18:49,639 - Response: 1
2025-09-29 08:18:49,640 - Write: *ESE 1
2025-09-29 08:18:49,640 - Write: *SRE 32
2025-09-29 08:18:49,640 - Write: INST:SEL "Amplifier";*OPC
2025-09-29 08:18:49,640 - Query: *ESR?
2025-09-29 08:18:49,719 - Response: 145
2025-09-29 08:18:49,719 - Command 'INST:SEL "Amplifier"' completed with OPC sync.
2025-09-29 08:18:49,719 - Query: CONF:GEN:CONN:STAT ON; *OPC?
2025-09-29 08:18:50,838 - Response: 1
2025-09-29 08:18:50,838 - Query: CONF:GEN:CONT:STAT ON; *OPC?
2025-09-29 08:18:50,841 - Response: 1
2025-09-29 08:18:50,841 - Query: CONF:SETT; *OPC?
2025-09-29 08:18:50,875 - Response: 1
2025-09-29 08:18:50,875 - Query: :CONF:REFS:CGW:READ; *OPC?
2025-09-29 08:18:56,055 - Response: 1
2025-09-29 08:18:56,055 - Query: :CONF:DDPD:STAT OFF; *OPC?
2025-09-29 08:18:56,056 - Response: 1
2025-09-29 08:18:56,057 - Query: :SENS:ADJ:LEV; *OPC?
2025-09-29 08:18:56,819 - Response: 1
2025-09-29 08:18:56,820 - Query: INIT:CONT OFF; *OPC?
2025-09-29 08:18:56,826 - Response: 1
2025-09-29 08:18:56,827 - Query: INIT:IMM; *OPC?
2025-09-29 08:18:59,177 - Response: 1
2025-09-29 08:18:59,177 - Query: CONF:DPD:METH GEN; *OPC?
2025-09-29 08:18:59,178 - Response: 1
2025-09-29 08:18:59,178 - Query: CONF:DPD:SHAP:MODE POLY; *OPC?
2025-09-29 08:18:59,187 - Response: 1
2025-09-29 08:18:59,187 - Query: :CONF:DPD:TRAD 100; *OPC?
2025-09-29 08:18:59,188 - Response: 1
2025-09-29 08:18:59,188 - Query: INIT:IMM; *OPC?
2025-09-29 08:19:01,381 - Response: 1
2025-09-29 08:19:01,382 - VSA initialized in 16.233s using signal_bandwidth '100MHz' and frame_type 'full_frame'
2025-09-29 08:19:01,385 - Connected to 192.168.200.40:5025
2025-09-29 08:19:01,385 - Query: *IDN?
2025-09-29 08:19:01,979 - Response: Rohde&Schwarz,NRX,1424.7005k02/108679,02.62.24102302
2025-09-29 08:19:01,980 - PowerMeter (NRX) initialized in 0.597s
2025-09-29 08:19:01,980 - Query: :SENS1:FREQ 2000000000.0;:SENS2:FREQ 2000000000.0;:CALCulate1:CHANnel1:CORRection:OFFSet:MAGNitude 15.819;:CALCulate1:CHANnel1:CORRection:OFFSet:STATe ON;:CALCulate2:CHANnel1:CORRection:OFFSet:MAGNitude 10.187;:CALCulate2:CHANnel1:CORRection:OFFSet:STATe ON;*OPC?
2025-09-29 08:19:01,985 - Response: 1
2025-09-29 08:19:01,985 - PowerMeter configured for 2000000000.0 Hz with offsets 15.819, 10.187
2025-09-29 08:19:01,985 - Query: SOURce1:BB:ARBitrary:WAVeform:SELect "/var/user/Qorvo/NR5G_100MHz_UL_60kHzSCS_256QAM_135rb_0rbo_fullframe.wv"; *OPC?
2025-09-29 08:19:01,989 - Response: 1
2025-09-29 08:19:01,989 - Write: :SOUR1:POW:LEV:IMM:OFFS -1.432
2025-09-29 08:19:01,989 - Query: :OUTput1:AMODe AUTO; *OPC?
2025-09-29 08:19:02,032 - Response: 1
2025-09-29 08:19:02,033 - Query: :SOUR1:FREQ:CW 2000000000.0; *OPC?
2025-09-29 08:19:02,034 - Response: 1
2025-09-29 08:19:02,034 - Query: :SOUR1:POW:LEV:IMM:AMPL -12.0; *OPC?
2025-09-29 08:19:02,075 - Response: 1
2025-09-29 08:19:02,075 - Query: SOURce1:POWer:LIM:AMPL 10; *OPC?
2025-09-29 08:19:02,076 - Response: 1
2025-09-29 08:19:02,076 - Query: *OPC?
2025-09-29 08:19:02,077 - Response: 1
2025-09-29 08:19:02,077 - Query: INST:SEL "5G NR"; *OPC?
2025-09-29 08:19:02,088 - Response: 1
2025-09-29 08:19:02,088 - Query: :SENS:FREQ:CENT 2000000000.0; *OPC?
2025-09-29 08:19:02,090 - Response: 1
2025-09-29 08:19:02,090 - Write: :DISP:WIND:TRAC:Y:SCAL:RLEV:OFFS 1.59
2025-09-29 08:19:02,091 - Query: :CONF:NR5G:MEAS EVM; *OPC?
2025-09-29 08:19:02,141 - Response: 1
2025-09-29 08:19:02,142 - VSA configured for 2000000000.0 Hz with offset 1.588
2025-09-29 08:19:02,142 - Query: :MEAS1?
2025-09-29 08:19:02,239 - Response: -1.203205E+01
2025-09-29 08:19:02,239 - Query: :MEAS2?
2025-09-29 08:19:02,340 - Response: 6.395108E+00
2025-09-29 08:19:02,340 - Query: *OPC?
2025-09-29 08:19:02,341 - Response: 1
2025-09-29 08:19:02,341 - Query: :MEAS1?
2025-09-29 08:19:02,481 - Response: -1.203194E+01
2025-09-29 08:19:02,482 - Query: :MEAS2?
2025-09-29 08:19:02,733 - Response: 6.395668E+00
2025-09-29 08:19:02,734 - Query: *OPC?
2025-09-29 08:19:02,735 - Response: 1
2025-09-29 08:19:02,735 - Query: :MEAS1?
2025-09-29 08:19:02,875 - Response: -1.203252E+01
2025-09-29 08:19:02,875 - Query: :MEAS2?
2025-09-29 08:19:03,128 - Response: 6.395824E+00
2025-09-29 08:19:03,128 - Query: *OPC?
2025-09-29 08:19:03,129 - Response: 1
2025-09-29 08:19:03,130 - Measured gain in dB: 18.428
2025-09-29 08:19:03,130 - Query: :SOUR1:POW:LEV:IMM:AMPL -12.428187999999999; *OPC?
2025-09-29 08:19:03,151 - Response: 1
2025-09-29 08:19:03,151 - Query: :MEAS1?
2025-09-29 08:19:03,288 - Response: -1.246732E+01
2025-09-29 08:19:03,288 - Query: :MEAS2?
2025-09-29 08:19:03,504 - Response: 5.969045E+00
2025-09-29 08:19:03,505 - Query: *OPC?
2025-09-29 08:19:03,506 - Response: 1
2025-09-29 08:19:03,506 - Servo converged after 1 iterations servo settle time, , 0.355 s
 Frequency 2.0 GHz
2025-09-29 08:19:03,506 - Servo Iterations: 1, Servo Time: 0.355
2025-09-29 08:19:03,507 - Query: INST:SEL "5G NR"; *OPC?
2025-09-29 08:19:03,508 - Response: 1
2025-09-29 08:19:03,508 - Query: CONF:NR5G:MEAS EVM; *OPC?
2025-09-29 08:19:03,509 - Response: 1
2025-09-29 08:19:03,509 - Query: INIT:IMM; *OPC?
2025-09-29 08:19:04,261 - Response: 1
2025-09-29 08:19:04,261 - Query: FETC:CC1:ISRC:FRAM:SUMM:POW:AVERage?
2025-09-29 08:19:04,270 - Response: +5.689962387
2025-09-29 08:19:04,270 - Query: FETC:CC1:ISRC:FRAM:SUMM:EVM:ALL:AVERage?
2025-09-29 08:19:04,271 - Response: -4.562532043E+001
2025-09-29 08:19:04,271 - Write: CONF:NR5G:MEAS ACLR
2025-09-29 08:19:04,272 - Write: INIT:IMM;*WAI
2025-09-29 08:19:04,272 - Query: CALC:MARK:FUNC:POW:RES? ACP
2025-09-29 08:19:05,145 - Response: 5.83283424377,-51.45977211,-52.0812244415
2025-09-29 08:19:05,145 - Baseline done: Power=5.689962387, EVM=-45.62532043, Total=2.804s
2025-09-29 08:19:05,145 - Write: *ESE 1
2025-09-29 08:19:05,145 - Write: *SRE 32
2025-09-29 08:19:05,146 - Write: INST:SEL "Amplifier";*OPC
2025-09-29 08:19:05,146 - Query: *ESR?
2025-09-29 08:19:05,194 - Response: 1
2025-09-29 08:19:05,194 - Command 'INST:SEL "Amplifier"' completed with OPC sync.
2025-09-29 08:19:05,195 - Query: INIT:IMM; *OPC?
2025-09-29 08:19:07,415 - Response: 1
2025-09-29 08:19:07,415 - Query: :CONF:DPD:UPD; *OPC?
2025-09-29 08:19:07,675 - Response: 1
2025-09-29 08:19:07,675 - Query: CONF:DPD:AMAM:STAT ON; *OPC?
2025-09-29 08:19:07,747 - Response: 1
2025-09-29 08:19:07,747 - Query: CONF:DPD:AMPM:STAT ON; *OPC?
2025-09-29 08:19:07,790 - Response: 1
2025-09-29 08:19:07,791 - Query: :MEAS1?
2025-09-29 08:19:08,094 - Response: -1.254641E+01
2025-09-29 08:19:08,094 - Query: :MEAS2?
2025-09-29 08:19:08,319 - Response: 5.887716E+00
2025-09-29 08:19:08,319 - Query: *OPC?
2025-09-29 08:19:08,320 - Response: 1
2025-09-29 08:19:08,320 - Query: :MEAS1?
2025-09-29 08:19:08,496 - Response: -1.254576E+01
2025-09-29 08:19:08,497 - Query: :MEAS2?
2025-09-29 08:19:08,713 - Response: 5.888558E+00
2025-09-29 08:19:08,713 - Query: *OPC?
2025-09-29 08:19:08,714 - Response: 1
2025-09-29 08:19:08,714 - Measured gain in dB: 18.433
2025-09-29 08:19:08,714 - Query: :SOUR1:POW:LEV:IMM:AMPL -12.433475999999999; *OPC?
2025-09-29 08:19:08,742 - Response: 1
2025-09-29 08:19:08,742 - Query: :MEAS1?
2025-09-29 08:19:08,881 - Response: -1.254671E+01
2025-09-29 08:19:08,881 - Query: :MEAS2?
2025-09-29 08:19:09,148 - Response: 5.887496E+00
2025-09-29 08:19:09,149 - Query: *OPC?
2025-09-29 08:19:09,150 - Response: 1
2025-09-29 08:19:09,150 - Query: :SOUR1:POW:LEV:IMM:AMPL -12.320971999999998; *OPC?
2025-09-29 08:19:09,195 - Response: 1
2025-09-29 08:19:09,195 - Query: :MEAS1?
2025-09-29 08:19:09,496 - Response: -1.243476E+01
2025-09-29 08:19:09,497 - Query: :MEAS2?
2025-09-29 08:19:09,713 - Response: 5.996727E+00
2025-09-29 08:19:09,714 - Query: *OPC?
2025-09-29 08:19:09,715 - Response: 1
2025-09-29 08:19:09,715 - Servo converged after 2 iterations servo settle time, , 0.973 s
 Frequency 2.0 GHz
2025-09-29 08:19:09,715 - Servo Iterations: 2, Servo Time: 0.973
2025-09-29 08:19:09,716 - Query: INST:SEL "5G NR"; *OPC?
2025-09-29 08:19:09,726 - Response: 1
2025-09-29 08:19:09,726 - Query: CONF:NR5G:MEAS EVM; *OPC?
2025-09-29 08:19:09,815 - Response: 1
2025-09-29 08:19:09,816 - Query: INIT:IMM; *OPC?
2025-09-29 08:19:10,543 - Response: 1
2025-09-29 08:19:10,543 - Query: FETC:CC1:ISRC:FRAM:SUMM:POW:AVERage?
2025-09-29 08:19:10,545 - Response: +5.720214844
2025-09-29 08:19:10,545 - Query: FETC:CC1:ISRC:FRAM:SUMM:EVM:ALL:AVERage?
2025-09-29 08:19:10,546 - Response: -5.131567001E+001
2025-09-29 08:19:10,546 - Write: CONF:NR5G:MEAS ACLR
2025-09-29 08:19:10,546 - Write: INIT:IMM;*WAI
2025-09-29 08:19:10,546 - Query: CALC:MARK:FUNC:POW:RES? ACP
2025-09-29 08:19:11,195 - Response: 5.85200786591,-52.0145521164,-53.4264249802
2025-09-29 08:19:11,196 - Polynomial DPD done: Power=5.720214844, EVM=-51.31567001, Total=6.050s
2025-09-29 08:19:11,196 - Query: CONF:NR5G:MEAS EVM; *OPC?
2025-09-29 08:19:11,269 - Response: 1
2025-09-29 08:19:11,270 - VSG socket closed
2025-09-29 08:19:11,270 - Socket closed
2025-09-29 08:19:11,270 - VSA socket closed
2025-09-29 08:19:11,271 - PowerMeter socket closed
2025-09-29 08:19:11,352 - Saved sweep results to: C:\Users\LINER\Documents\PycharmProjects\20250926_EVM_DPD_DDPD_GMP_Power_Servo_with_test_select\sweep_measurements.xlsx
2025-09-29 08:19:11,352 - Processed frequencies (GHz): [np.float64(2.0)]
2025-09-29 08:19:11,352 - Socket closed
2025-09-29 08:19:11,352 - Socket closed
2025-09-29 08:19:11,352 - Socket closed
2025-09-29 08:55:48,554 - Connected to 192.168.200.10:5025
2025-09-29 08:55:48,554 - Query: *IDN?
2025-09-29 08:55:48,555 - Response: Rohde&Schwarz,SMW200A,1412.0000K02/111891,5.30.305.48
2025-09-29 08:55:48,555 - Query: *RST; *OPC?
2025-09-29 08:55:50,035 - Response: 1
2025-09-29 08:55:50,035 - Query: *OPC?
2025-09-29 08:55:50,036 - Response: 1
2025-09-29 08:55:50,036 - Query: SOURce1:CORRection:OPTimize:RF:CHARacteristics EVM; *OPC?
2025-09-29 08:55:50,038 - Response: 1
2025-09-29 08:55:50,038 - Query: OUTPut1:AMODe AUTO; *OPC?
2025-09-29 08:55:50,039 - Response: 1
2025-09-29 08:55:50,039 - Query: SOURce1:POWer:LIM:AMPL 10; *OPC?
2025-09-29 08:55:50,039 - Response: 1
2025-09-29 08:55:50,040 - Query: SOURce1:POWer:ATTenuation:DIGital -3.522; *OPC?
2025-09-29 08:55:50,041 - Response: 1
2025-09-29 08:55:50,041 - Query: SOURce1:BB:ARBitrary:WAVeform:SELect "/var/user/Qorvo/NR5G_100MHz_UL_60kHzSCS_256QAM_135rb_0rbo_fullframe.wv"; *OPC?
2025-09-29 08:55:50,042 - Response: 1
2025-09-29 08:55:50,042 - Query: SOURce1:BB:ARBitrary:STATe 1; *OPC?
2025-09-29 08:55:50,144 - Response: 1
2025-09-29 08:55:50,144 - Query: :SOUR1:FREQ:CW 2000000000.0; *OPC?
2025-09-29 08:55:50,148 - Response: 1
2025-09-29 08:55:50,148 - Query: OUTPut1:STATe ON; *OPC?
2025-09-29 08:55:50,181 - Response: 1
2025-09-29 08:55:50,181 - VSG initialized in 1.632s using signal_bandwidth '100MHz' and frame_type 'full_frame'
2025-09-29 08:55:50,183 - Connected to 192.168.200.20:5025
2025-09-29 08:55:50,183 - Query: *IDN?
2025-09-29 08:55:50,193 - Response: Rohde&Schwarz,FSW-50,1331.5003K50/101878,6.20
2025-09-29 08:55:50,193 - VSA initialization failed: 'VSA' object has no attribute 'bench'
2025-09-29 08:55:50,218 - Socket closed
2025-09-29 08:55:50,225 - Socket closed
2025-09-29 08:56:26,063 - Connected to 192.168.200.10:5025
2025-09-29 08:56:26,064 - Query: *IDN?
2025-09-29 08:56:26,065 - Response: Rohde&Schwarz,SMW200A,1412.0000K02/111891,5.30.305.48
2025-09-29 08:56:26,065 - Query: *RST; *OPC?
2025-09-29 08:56:27,165 - Response: 1
2025-09-29 08:56:27,165 - Query: *OPC?
2025-09-29 08:56:27,166 - Response: 1
2025-09-29 08:56:27,166 - Query: SOURce1:CORRection:OPTimize:RF:CHARacteristics EVM; *OPC?
2025-09-29 08:56:27,168 - Response: 1
2025-09-29 08:56:27,168 - Query: OUTPut1:AMODe AUTO; *OPC?
2025-09-29 08:56:27,168 - Response: 1
2025-09-29 08:56:27,168 - Query: SOURce1:POWer:LIM:AMPL 10; *OPC?
2025-09-29 08:56:27,169 - Response: 1
2025-09-29 08:56:27,169 - Query: SOURce1:POWer:ATTenuation:DIGital -3.522; *OPC?
2025-09-29 08:56:27,170 - Response: 1
2025-09-29 08:56:27,170 - Query: SOURce1:BB:ARBitrary:WAVeform:SELect "/var/user/Qorvo/NR5G_100MHz_UL_60kHzSCS_256QAM_135rb_0rbo_fullframe.wv"; *OPC?
2025-09-29 08:56:27,172 - Response: 1
2025-09-29 08:56:27,172 - Query: SOURce1:BB:ARBitrary:STATe 1; *OPC?
2025-09-29 08:56:27,272 - Response: 1
2025-09-29 08:56:27,273 - Query: :SOUR1:FREQ:CW 2000000000.0; *OPC?
2025-09-29 08:56:27,276 - Response: 1
2025-09-29 08:56:27,276 - Query: OUTPut1:STATe ON; *OPC?
2025-09-29 08:56:27,309 - Response: 1
2025-09-29 08:56:27,310 - VSG initialized in 1.253s using signal_bandwidth '100MHz' and frame_type 'full_frame'
2025-09-29 08:56:27,312 - Connected to 192.168.200.20:5025
2025-09-29 08:56:27,313 - Query: *IDN?
2025-09-29 08:56:27,323 - Response: Rohde&Schwarz,FSW-50,1331.5003K50/101878,6.20
2025-09-29 08:56:27,325 - Connected to 192.168.200.20:5025
2025-09-29 08:56:27,326 - Query: *IDN?
2025-09-29 08:56:27,328 - Response: Rohde&Schwarz,FSW-50,1331.5003K50/101878,6.20
2025-09-29 08:56:27,328 - Query: *RST; *OPC?
2025-09-29 08:56:30,604 - Response: 1
2025-09-29 08:56:30,604 - Query: *OPC?
2025-09-29 08:56:30,605 - Response: 1
2025-09-29 08:56:30,605 - Query: MMEM:LOAD:STAT 1,"C:\R_S\instr\user\Qorvo\5GNR_UL_100MHz_256QAM_60kHz_135RB_0RBO_fullframe"; *OPC?
2025-09-29 08:56:31,998 - Response: 1
2025-09-29 08:56:31,998 - Query: CONF:NR5G:DL:CC1:RFUC:STAT OFF; *OPC?
2025-09-29 08:56:31,999 - Response: 1
2025-09-29 08:56:31,999 - Query: :SENS:SWE:TIME 0.0101; *OPC?
2025-09-29 08:56:32,021 - Response: 1
2025-09-29 08:56:32,021 - Query: INIT:CONT OFF; *OPC?
2025-09-29 08:56:32,023 - Response: 1
2025-09-29 08:56:32,023 - Query: INIT:IMM; *OPC?
2025-09-29 08:56:32,790 - Response: 1
2025-09-29 08:56:32,791 - Write: *ESE 1
2025-09-29 08:56:32,791 - Write: *SRE 32
2025-09-29 08:56:32,791 - Write: INST:SEL "Amplifier";*OPC
2025-09-29 08:56:32,791 - Query: *ESR?
2025-09-29 08:56:32,864 - Response: 17
2025-09-29 08:56:32,864 - Command 'INST:SEL "Amplifier"' completed with OPC sync.
2025-09-29 08:56:32,864 - Query: CONF:GEN:CONN:STAT ON; *OPC?
2025-09-29 08:56:33,915 - Response: 1
2025-09-29 08:56:33,915 - Query: CONF:GEN:CONT:STAT ON; *OPC?
2025-09-29 08:56:33,918 - Response: 1
2025-09-29 08:56:33,918 - Query: CONF:SETT; *OPC?
2025-09-29 08:56:33,953 - Response: 1
2025-09-29 08:56:33,953 - Query: :CONF:REFS:CGW:READ; *OPC?
2025-09-29 08:56:38,963 - Response: 1
2025-09-29 08:56:38,963 - Query: :CONF:DDPD:STAT OFF; *OPC?
2025-09-29 08:56:38,964 - Response: 1
2025-09-29 08:56:38,964 - Query: :SENS:ADJ:LEV; *OPC?
2025-09-29 08:56:39,547 - Response: 1
2025-09-29 08:56:39,548 - Query: INIT:CONT OFF; *OPC?
2025-09-29 08:56:39,548 - Response: 1
2025-09-29 08:56:39,548 - Query: INIT:IMM; *OPC?
2025-09-29 08:56:41,876 - Response: 1
2025-09-29 08:56:41,876 - Query: CONF:DPD:METH GEN; *OPC?
2025-09-29 08:56:41,877 - Response: 1
2025-09-29 08:56:41,877 - Query: CONF:DPD:SHAP:MODE POLY; *OPC?
2025-09-29 08:56:41,885 - Response: 1
2025-09-29 08:56:41,885 - Query: :CONF:DPD:TRAD 100; *OPC?
2025-09-29 08:56:41,886 - Response: 1
2025-09-29 08:56:41,886 - Query: INIT:IMM; *OPC?
2025-09-29 08:56:44,142 - Response: 1
2025-09-29 08:56:44,142 - VSA initialized in 16.818s using signal_bandwidth '100MHz' and frame_type 'full_frame'
2025-09-29 08:56:44,145 - Connected to 192.168.200.40:5025
2025-09-29 08:56:44,145 - Query: *IDN?
2025-09-29 08:56:44,766 - Response: Rohde&Schwarz,NRX,1424.7005k02/108679,02.62.24102302
2025-09-29 08:56:44,767 - PowerMeter (NRX) initialized in 0.624s
2025-09-29 08:56:44,767 - Query: :SENS1:FREQ 2000000000.0;:SENS2:FREQ 2000000000.0;:CALCulate1:CHANnel1:CORRection:OFFSet:MAGNitude 15.819;:CALCulate1:CHANnel1:CORRection:OFFSet:STATe ON;:CALCulate2:CHANnel1:CORRection:OFFSet:MAGNitude 10.187;:CALCulate2:CHANnel1:CORRection:OFFSet:STATe ON;*OPC?
2025-09-29 08:56:44,772 - Response: 1
2025-09-29 08:56:44,772 - PowerMeter configured for 2000000000.0 Hz with offsets 15.819, 10.187
2025-09-29 08:56:44,772 - Query: SOURce1:BB:ARBitrary:WAVeform:SELect "/var/user/Qorvo/NR5G_100MHz_UL_60kHzSCS_256QAM_135rb_0rbo_fullframe.wv"; *OPC?
2025-09-29 08:56:44,775 - Response: 1
2025-09-29 08:56:44,775 - Write: :SOUR1:POW:LEV:IMM:OFFS -1.432
2025-09-29 08:56:44,775 - Query: :OUTput1:AMODe AUTO; *OPC?
2025-09-29 08:56:44,816 - Response: 1
2025-09-29 08:56:44,817 - Query: :SOUR1:FREQ:CW 2000000000.0; *OPC?
2025-09-29 08:56:44,818 - Response: 1
2025-09-29 08:56:44,818 - Query: :SOUR1:POW:LEV:IMM:AMPL -12.0; *OPC?
2025-09-29 08:56:44,859 - Response: 1
2025-09-29 08:56:44,859 - Query: SOURce1:POWer:LIM:AMPL 10; *OPC?
2025-09-29 08:56:44,860 - Response: 1
2025-09-29 08:56:44,860 - Query: *OPC?
2025-09-29 08:56:44,860 - Response: 1
2025-09-29 08:56:44,860 - Query: INST:SEL "5G NR"; *OPC?
2025-09-29 08:56:44,998 - Response: 1
2025-09-29 08:56:44,998 - Query: :SENS:FREQ:CENT 2000000000.0; *OPC?
2025-09-29 08:56:44,999 - Response: 1
2025-09-29 08:56:44,999 - Write: :DISP:WIND:TRAC:Y:SCAL:RLEV:OFFS 1.59
2025-09-29 08:56:45,000 - Query: :CONF:NR5G:MEAS EVM; *OPC?
2025-09-29 08:56:45,052 - Response: 1
2025-09-29 08:56:45,052 - VSA configured for 2000000000.0 Hz with offset 1.588
2025-09-29 08:56:45,052 - Query: :MEAS1?
2025-09-29 08:56:45,144 - Response: -1.205771E+01
2025-09-29 08:56:45,144 - Query: :MEAS2?
2025-09-29 08:56:45,241 - Response: 6.350707E+00
2025-09-29 08:56:45,242 - Query: *OPC?
2025-09-29 08:56:45,243 - Response: 1
2025-09-29 08:56:45,243 - Query: :MEAS1?
2025-09-29 08:56:45,457 - Response: -1.205713E+01
2025-09-29 08:56:45,457 - Query: :MEAS2?
2025-09-29 08:56:45,636 - Response: 6.349566E+00
2025-09-29 08:56:45,636 - Query: *OPC?
2025-09-29 08:56:45,637 - Response: 1
2025-09-29 08:56:45,637 - Query: :MEAS1?
2025-09-29 08:56:45,851 - Response: -1.205650E+01
2025-09-29 08:56:45,851 - Query: :MEAS2?
2025-09-29 08:56:46,030 - Response: 6.350065E+00
2025-09-29 08:56:46,030 - Query: *OPC?
2025-09-29 08:56:46,031 - Response: 1
2025-09-29 08:56:46,031 - Measured gain in dB: 18.406
2025-09-29 08:56:46,031 - Query: :SOUR1:POW:LEV:IMM:AMPL -12.406066; *OPC?
2025-09-29 08:56:46,052 - Response: 1
2025-09-29 08:56:46,052 - Query: :MEAS1?
2025-09-29 08:56:46,225 - Response: -1.246808E+01
2025-09-29 08:56:46,225 - Query: :MEAS2?
2025-09-29 08:56:46,404 - Response: 5.946882E+00
2025-09-29 08:56:46,404 - Query: *OPC?
2025-09-29 08:56:46,405 - Response: 1
2025-09-29 08:56:46,405 - Query: :SOUR1:POW:LEV:IMM:AMPL -12.352947999999998; *OPC?
2025-09-29 08:56:46,426 - Response: 1
2025-09-29 08:56:46,426 - Query: :MEAS1?
2025-09-29 08:56:46,642 - Response: -1.240417E+01
2025-09-29 08:56:46,642 - Query: :MEAS2?
2025-09-29 08:56:46,819 - Response: 6.010929E+00
2025-09-29 08:56:46,820 - Query: *OPC?
2025-09-29 08:56:46,822 - Response: 1
2025-09-29 08:56:46,822 - Servo converged after 2 iterations servo settle time, , 0.77 s
 Frequency 2.0 GHz
2025-09-29 08:56:46,822 - Servo Iterations: 2, Servo Time: 0.77
2025-09-29 08:56:46,823 - Query: INST:SEL "5G NR"; *OPC?
2025-09-29 08:56:46,826 - Response: 1
2025-09-29 08:56:46,826 - Query: CONF:NR5G:MEAS EVM; *OPC?
2025-09-29 08:56:46,834 - Response: 1
2025-09-29 08:56:46,834 - Query: INIT:IMM; *OPC?
2025-09-29 08:56:47,673 - Response: 1
2025-09-29 08:56:47,674 - Query: FETC:CC1:ISRC:FRAM:SUMM:POW:AVERage?
2025-09-29 08:56:47,675 - Response: +6.099308014
2025-09-29 08:56:47,675 - Query: FETC:CC1:ISRC:FRAM:SUMM:EVM:ALL:AVERage?
2025-09-29 08:56:47,675 - Response: -4.544573975E+001
2025-09-29 08:56:47,675 - Write: CONF:NR5G:MEAS ACLR
2025-09-29 08:56:47,676 - Write: INIT:IMM;*WAI
2025-09-29 08:56:47,676 - Query: CALC:MARK:FUNC:POW:RES? ACP
2025-09-29 08:56:48,358 - Response: 6.23050451279,-51.1206259727,-52.0430808067
2025-09-29 08:56:48,358 - Baseline done: Power=6.099308014, EVM=-45.44573975, Total=3.115s
2025-09-29 08:56:48,358 - Write: *ESE 1
2025-09-29 08:56:48,358 - Write: *SRE 32
2025-09-29 08:56:48,358 - Write: INST:SEL "Amplifier";*OPC
2025-09-29 08:56:48,358 - Query: *ESR?
2025-09-29 08:56:48,456 - Response: 1
2025-09-29 08:56:48,456 - Command 'INST:SEL "Amplifier"' completed with OPC sync.
2025-09-29 08:56:48,456 - Query: INIT:IMM; *OPC?
2025-09-29 08:56:50,686 - Response: 1
2025-09-29 08:56:50,686 - Query: :CONF:DPD:UPD; *OPC?
2025-09-29 08:56:50,946 - Response: 1
2025-09-29 08:56:50,947 - Query: CONF:DPD:AMAM:STAT ON; *OPC?
2025-09-29 08:56:51,031 - Response: 1
2025-09-29 08:56:51,031 - Query: CONF:DPD:AMPM:STAT ON; *OPC?
2025-09-29 08:56:51,086 - Response: 1
2025-09-29 08:56:51,087 - Query: :MEAS1?
2025-09-29 08:56:51,231 - Response: -1.240824E+01
2025-09-29 08:56:51,231 - Query: :MEAS2?
2025-09-29 08:56:51,403 - Response: 6.003740E+00
2025-09-29 08:56:51,404 - Query: *OPC?
2025-09-29 08:56:51,405 - Response: 1
2025-09-29 08:56:51,405 - Query: :MEAS1?
2025-09-29 08:56:51,664 - Response: -1.240865E+01
2025-09-29 08:56:51,665 - Query: :MEAS2?
2025-09-29 08:56:51,839 - Response: 6.004473E+00
2025-09-29 08:56:51,839 - Query: *OPC?
2025-09-29 08:56:51,841 - Response: 1
2025-09-29 08:56:51,841 - Measured gain in dB: 18.412
2025-09-29 08:56:51,841 - Query: :SOUR1:POW:LEV:IMM:AMPL -12.412389999999998; *OPC?
2025-09-29 08:56:51,886 - Response: 1
2025-09-29 08:56:51,886 - Query: :MEAS1?
2025-09-29 08:56:52,058 - Response: -1.246919E+01
2025-09-29 08:56:52,059 - Query: :MEAS2?
2025-09-29 08:56:52,243 - Response: 5.944785E+00
2025-09-29 08:56:52,243 - Query: *OPC?
2025-09-29 08:56:52,244 - Response: 1
2025-09-29 08:56:52,244 - Query: :SOUR1:POW:LEV:IMM:AMPL -12.357174999999998; *OPC?
2025-09-29 08:56:52,289 - Response: 1
2025-09-29 08:56:52,290 - Query: :MEAS1?
2025-09-29 08:56:52,463 - Response: -1.242187E+01
2025-09-29 08:56:52,464 - Query: :MEAS2?
2025-09-29 08:56:52,648 - Response: 5.990450E+00
2025-09-29 08:56:52,648 - Query: *OPC?
2025-09-29 08:56:52,650 - Response: 1
2025-09-29 08:56:52,650 - Servo converged after 2 iterations servo settle time, , 0.763 s
 Frequency 2.0 GHz
2025-09-29 08:56:52,650 - Servo Iterations: 2, Servo Time: 0.763
2025-09-29 08:56:52,650 - Query: INST:SEL "5G NR"; *OPC?
2025-09-29 08:56:52,666 - Response: 1
2025-09-29 08:56:52,666 - Query: CONF:NR5G:MEAS EVM; *OPC?
2025-09-29 08:56:52,777 - Response: 1
2025-09-29 08:56:52,777 - Query: INIT:IMM; *OPC?
2025-09-29 08:56:53,780 - Response: 1
2025-09-29 08:56:53,780 - Query: FETC:CC1:ISRC:FRAM:SUMM:POW:AVERage?
2025-09-29 08:56:53,781 - Response: +6.079942703
2025-09-29 08:56:53,781 - Query: FETC:CC1:ISRC:FRAM:SUMM:EVM:ALL:AVERage?
2025-09-29 08:56:53,782 - Response: -5.192530060E+001
2025-09-29 08:56:53,783 - Write: CONF:NR5G:MEAS ACLR
2025-09-29 08:56:53,783 - Write: INIT:IMM;*WAI
2025-09-29 08:56:53,783 - Query: CALC:MARK:FUNC:POW:RES? ACP
2025-09-29 08:56:54,470 - Response: 6.19355487823,-53.567612648,-55.0070772171
2025-09-29 08:56:54,471 - Polynomial DPD done: Power=6.079942703, EVM=-51.9253006, Total=6.113s
2025-09-29 08:56:54,471 - Query: CONF:NR5G:MEAS EVM; *OPC?
2025-09-29 08:56:54,562 - Response: 1
2025-09-29 08:56:54,563 - VSG socket closed
2025-09-29 08:56:54,563 - Socket closed
2025-09-29 08:56:54,563 - VSA socket closed
2025-09-29 08:56:54,563 - PowerMeter socket closed
2025-09-29 08:56:54,601 - Saved sweep results to: C:\Users\LINER\Documents\PycharmProjects\20250926_EVM_DPD_DDPD_GMP_Power_Servo_with_test_select\sweep_measurements.xlsx
2025-09-29 08:56:54,601 - Processed frequencies (GHz): [np.float64(2.0)]
2025-09-29 08:56:54,601 - Socket closed
2025-09-29 08:56:54,601 - Socket closed
2025-09-29 08:56:54,601 - Socket closed
2025-09-29 08:56:54,601 - Socket closed
